Statistical profiling result from sin-console.log, (1141 ticks, 0 unaccounted, 0 excluded).

 [Shared libraries]:
   ticks  total  nonlib   name
   1086   95.2%          C:\Windows\SYSTEM32\ntdll.dll
     54    4.7%          C:\Program Files\nodejs\node.exe

 [JavaScript]:
   ticks  total  nonlib   name
      1    0.1%  100.0%  RegExp: ^(?:[a-zA-Z]:|[\\/]{2}[^\\/]+[\\/][^\\/]+)?[\\/]*

 [C++]:
   ticks  total  nonlib   name

 [Summary]:
   ticks  total  nonlib   name
      1    0.1%  100.0%  JavaScript
      0    0.0%    0.0%  C++
      2    0.2%  200.0%  GC
   1140   99.9%          Shared libraries

 [C++ entry points]:
   ticks    cpp   total   name

 [Bottom up (heavy) profile]:
  Note: percentage shows a share of a particular caller in the total
  amount of its parent calls.
  Callers occupying less than 1.0% are not shown.

   ticks parent  name
   1086   95.2%  C:\Windows\SYSTEM32\ntdll.dll

     54    4.7%  C:\Program Files\nodejs\node.exe
     41   75.9%    C:\Program Files\nodejs\node.exe
     10   24.4%      LazyCompile: ~wrapSafe internal/modules/cjs/loader.js:964:18
     10  100.0%        LazyCompile: ~Module._compile internal/modules/cjs/loader.js:1017:37
     10  100.0%          LazyCompile: ~Module._extensions..js internal/modules/cjs/loader.js:1072:37
     10  100.0%            LazyCompile: ~Module.load internal/modules/cjs/loader.js:916:33
      8   19.5%      LazyCompile: ~realpathSync fs.js:1650:22
      8  100.0%        LazyCompile: ~toRealPath internal/modules/cjs/loader.js:343:20
      8  100.0%          LazyCompile: ~tryFile internal/modules/cjs/loader.js:334:17
      8  100.0%            LazyCompile: ~tryExtensions internal/modules/cjs/loader.js:350:23
      4    9.8%      LazyCompile: ~stat internal/modules/cjs/loader.js:132:14
      4  100.0%        LazyCompile: ~Module._findPath internal/modules/cjs/loader.js:444:28
      4  100.0%          LazyCompile: ~Module._resolveFilename internal/modules/cjs/loader.js:796:35
      3   75.0%            LazyCompile: ~Module._load internal/modules/cjs/loader.js:704:24
      1   25.0%            LazyCompile: *Module._load internal/modules/cjs/loader.js:704:24
      2    4.9%      LazyCompile: ~read internal/modules/package_json_reader.js:16:14
      2  100.0%        LazyCompile: ~readPackage internal/modules/cjs/loader.js:240:21
      1   50.0%          LazyCompile: ~resolveExports internal/modules/cjs/loader.js:422:24
      1  100.0%            LazyCompile: *Module._findPath internal/modules/cjs/loader.js:444:28
      1   50.0%          LazyCompile: ~readPackageScope internal/modules/cjs/loader.js:271:26
      1  100.0%            LazyCompile: ~Module._extensions..js internal/modules/cjs/loader.js:1072:37
      2    4.9%      LazyCompile: ~openSync fs.js:467:18
      2  100.0%        LazyCompile: ~readFileSync fs.js:374:22
      2  100.0%          LazyCompile: ~Module._extensions..js internal/modules/cjs/loader.js:1072:37
      2  100.0%            LazyCompile: ~Module.load internal/modules/cjs/loader.js:916:33
      2    4.9%      LazyCompile: ~compileForInternalLoader internal/bootstrap/loaders.js:270:27
      2  100.0%        LazyCompile: ~nativeModuleRequire internal/bootstrap/loaders.js:303:29
      1   50.0%          Eval: ~<anonymous> internal/url.js:1:1
      1  100.0%            LazyCompile: ~compileForInternalLoader internal/bootstrap/loaders.js:270:27
      1   50.0%          Eval: ~<anonymous> internal/modules/esm/get_source.js:1:1
      1  100.0%            LazyCompile: ~compileForInternalLoader internal/bootstrap/loaders.js:270:27
      1    2.4%      LazyCompile: ~write _http_outgoing.js:660:49
      1  100.0%        LazyCompile: ~writetop D:\Admin\Escritorio\Diplomatura desarrollo web\Coder House\Entregable\Entregable-clase-32\node_modules\express-session\index.js:270:24
      1  100.0%          LazyCompile: ~end D:\Admin\Escritorio\Diplomatura desarrollo web\Coder House\Entregable\Entregable-clase-32\node_modules\express-session\index.js:250:27
      1  100.0%            LazyCompile: ~send D:\Admin\Escritorio\Diplomatura desarrollo web\Coder House\Entregable\Entregable-clase-32\node_modules\express\lib\response.js:111:25
      1    2.4%      LazyCompile: ~readSync fs.js:555:18
      1  100.0%        LazyCompile: ~tryReadSync fs.js:362:21
      1  100.0%          LazyCompile: ~readFileSync fs.js:374:22
      1  100.0%            LazyCompile: ~Module._extensions..js internal/modules/cjs/loader.js:1072:37
      1    2.4%      LazyCompile: ~pathToFileURL internal/url.js:1388:23
      1  100.0%        LazyCompile: ~resolveExports internal/modules/cjs/loader.js:422:24
      1  100.0%          LazyCompile: ~Module._findPath internal/modules/cjs/loader.js:444:28
      1  100.0%            LazyCompile: ~Module._resolveFilename internal/modules/cjs/loader.js:796:35
      1    2.4%      LazyCompile: ~parserOnHeadersComplete _http_common.js:75:33
      1    2.4%      LazyCompile: ~parseOptions D:\Admin\Escritorio\Diplomatura desarrollo web\Coder House\Entregable\Entregable-clase-32\node_modules\mongodb\lib\connection_string.js:204:22
      1  100.0%        LazyCompile: ~MongoClient D:\Admin\Escritorio\Diplomatura desarrollo web\Coder House\Entregable\Entregable-clase-32\node_modules\mongodb\lib\mongo_client.js:62:16
      1  100.0%          Eval: ~<anonymous> D:\Admin\Escritorio\Diplomatura desarrollo web\Coder House\Entregable\Entregable-clase-32\passport.js:1:1
      1  100.0%            LazyCompile: ~Module._compile internal/modules/cjs/loader.js:1017:37
      1    2.4%      LazyCompile: ~mkdirSync fs.js:968:19
      1  100.0%        LazyCompile: ~mkdir D:\Admin\Escritorio\Diplomatura desarrollo web\Coder House\Entregable\Entregable-clase-32\node_modules\streamroller\lib\RollingFileWriteStream.js:268:19
      1  100.0%          LazyCompile: ~_renewWriteStream D:\Admin\Escritorio\Diplomatura desarrollo web\Coder House\Entregable\Entregable-clase-32\node_modules\streamroller\lib\RollingFileWriteStream.js:261:20
      1  100.0%            LazyCompile: ~RollingFileWriteStream D:\Admin\Escritorio\Diplomatura desarrollo web\Coder House\Entregable\Entregable-clase-32\node_modules\streamroller\lib\RollingFileWriteStream.js:40:14
      1    2.4%      LazyCompile: ~isatty tty.js:42:16
      1  100.0%        LazyCompile: ~useColors D:\Admin\Escritorio\Diplomatura desarrollo web\Coder House\Entregable\Entregable-clase-32\node_modules\body-parser\node_modules\debug\src\node.js:75:19
      1  100.0%          LazyCompile: ~createDebug D:\Admin\Escritorio\Diplomatura desarrollo web\Coder House\Entregable\Entregable-clase-32\node_modules\body-parser\node_modules\debug\src\debug.js:63:21
      1  100.0%            Eval: ~<anonymous> D:\Admin\Escritorio\Diplomatura desarrollo web\Coder House\Entregable\Entregable-clase-32\node_modules\body-parser\lib\types\text.js:1:1
      1    2.4%      LazyCompile: ~closeSync fs.js:434:19
      1  100.0%        LazyCompile: ~readFileSync fs.js:374:22
      1  100.0%          LazyCompile: ~Module._extensions..js internal/modules/cjs/loader.js:1072:37
      1  100.0%            LazyCompile: ~Module.load internal/modules/cjs/loader.js:916:33
      1    2.4%      LazyCompile: ~Socket net.js:268:16
      1  100.0%        LazyCompile: ~WriteStream tty.js:84:21
      1  100.0%          LazyCompile: ~createWritableStdioStream internal/bootstrap/switches/is_main_thread.js:41:35
      1  100.0%            LazyCompile: ~getStderr internal/bootstrap/switches/is_main_thread.js:132:19
      1    2.4%      LazyCompile: ~Resolver internal/dns/utils.js:38:14
      1  100.0%        Eval: ~<anonymous> internal/dns/utils.js:1:1
      1  100.0%          LazyCompile: ~compileForInternalLoader internal/bootstrap/loaders.js:270:27
      1  100.0%            LazyCompile: ~nativeModuleRequire internal/bootstrap/loaders.js:303:29
      1    2.4%      LazyCompile: ~Module._extensions..json internal/modules/cjs/loader.js:1097:39
      1  100.0%        LazyCompile: ~Module.load internal/modules/cjs/loader.js:916:33
      1  100.0%          LazyCompile: ~Module._load internal/modules/cjs/loader.js:704:24
      1  100.0%            LazyCompile: ~Module.require internal/modules/cjs/loader.js:944:36
      1    2.4%      Eval: ~<anonymous> os.js:1:1
      1  100.0%        LazyCompile: ~compileForInternalLoader internal/bootstrap/loaders.js:270:27
      1  100.0%          LazyCompile: ~compileForPublicLoader internal/bootstrap/loaders.js:219:25
      1  100.0%            LazyCompile: ~loadNativeModule internal/modules/cjs/helpers.js:31:26
      1    2.4%      C:\Program Files\nodejs\node.exe
      1  100.0%        LazyCompile: ~parse D:\Admin\Escritorio\Diplomatura desarrollo web\Coder House\Entregable\Entregable-clase-32\node_modules\bytes\index.js:141:15
      1  100.0%          LazyCompile: ~json D:\Admin\Escritorio\Diplomatura desarrollo web\Coder House\Entregable\Entregable-clase-32\node_modules\body-parser\lib\types\json.js:50:15
      1  100.0%            Eval: ~<anonymous> D:\Admin\Escritorio\Diplomatura desarrollo web\Coder House\Entregable\Entregable-clase-32\server.js:1:1
      1    1.9%    LazyCompile: ~tryExtensions internal/modules/cjs/loader.js:350:23
      1  100.0%      LazyCompile: ~Module._findPath internal/modules/cjs/loader.js:444:28
      1  100.0%        LazyCompile: ~Module._resolveFilename internal/modules/cjs/loader.js:796:35
      1  100.0%          LazyCompile: *Module._load internal/modules/cjs/loader.js:704:24
      1  100.0%            LazyCompile: ~Module.require internal/modules/cjs/loader.js:944:36
      1    1.9%    LazyCompile: ~realpathSync fs.js:1650:22
      1  100.0%      LazyCompile: ~toRealPath internal/modules/cjs/loader.js:343:20
      1  100.0%        LazyCompile: ~tryFile internal/modules/cjs/loader.js:334:17
      1  100.0%          LazyCompile: ~tryExtensions internal/modules/cjs/loader.js:350:23
      1  100.0%            LazyCompile: ~Module._findPath internal/modules/cjs/loader.js:444:28
      1    1.9%    LazyCompile: ~readSync fs.js:555:18
      1  100.0%      LazyCompile: ~tryReadSync fs.js:362:21
      1  100.0%        LazyCompile: ~readFileSync fs.js:374:22
      1  100.0%          LazyCompile: ~Module._extensions..js internal/modules/cjs/loader.js:1072:37
      1  100.0%            LazyCompile: ~Module.load internal/modules/cjs/loader.js:916:33
      1    1.9%    LazyCompile: ~readPackageScope internal/modules/cjs/loader.js:271:26
      1  100.0%      LazyCompile: ~trySelf internal/modules/cjs/loader.js:391:17
      1  100.0%        LazyCompile: ~Module._resolveFilename internal/modules/cjs/loader.js:796:35
      1  100.0%          LazyCompile: *Module._load internal/modules/cjs/loader.js:704:24
      1  100.0%            LazyCompile: ~Module.require internal/modules/cjs/loader.js:944:36
      1    1.9%    LazyCompile: ~basename path.js:668:11
      1  100.0%      LazyCompile: ~findLongestRegisteredExtension internal/modules/cjs/loader.js:363:40
      1  100.0%        LazyCompile: ~Module.load internal/modules/cjs/loader.js:916:33
      1  100.0%          LazyCompile: ~Module._load internal/modules/cjs/loader.js:704:24
      1  100.0%            LazyCompile: ~Module.require internal/modules/cjs/loader.js:944:36
      1    1.9%    LazyCompile: ~Module._resolveFilename internal/modules/cjs/loader.js:796:35
      1  100.0%      LazyCompile: *Module._load internal/modules/cjs/loader.js:704:24
      1  100.0%        LazyCompile: ~Module.require internal/modules/cjs/loader.js:944:36
      1  100.0%          LazyCompile: ~require internal/modules/cjs/helpers.js:87:31
      1  100.0%            Eval: ~<anonymous> D:\Admin\Escritorio\Diplomatura desarrollo web\Coder House\Entregable\Entregable-clase-32\node_modules\ws\lib\websocket-server.js:1:1
      1    1.9%    LazyCompile: ~Bitfield D:\Admin\Escritorio\Diplomatura desarrollo web\Coder House\Entregable\Entregable-clase-32\node_modules\sparse-bitfield\index.js:5:19
      1  100.0%      LazyCompile: ~read D:\Admin\Escritorio\Diplomatura desarrollo web\Coder House\Entregable\Entregable-clase-32\node_modules\saslprep\lib\memory-code-points.js:15:14
      1  100.0%        Eval: ~<anonymous> D:\Admin\Escritorio\Diplomatura desarrollo web\Coder House\Entregable\Entregable-clase-32\node_modules\saslprep\lib\memory-code-points.js:1:1
      1  100.0%          LazyCompile: ~Module._compile internal/modules/cjs/loader.js:1017:37
      1  100.0%            LazyCompile: ~Module._extensions..js internal/modules/cjs/loader.js:1072:37

